2026/01/02 10:00:20 rapid_google_flights.go:40: SearchFlights query: 
 sourceIata: YYZ 
 arrivalIata: CPH 
 deparureDate: 2026-01-01 
2026/01/02 10:00:21 rapid_google_flights.go:73: SearchFlights Responses: {
  "status": false,
  "message": "",
  "timestamp": 0,
  "data": {
    "itineraries": {
      "topFlights": null,
      "otherFlights": null
    }
  }
} 
2026/01/02 10:01:57 rapid_google_flights.go:40: SearchFlights query: 
 sourceIata: YYZ 
 arrivalIata: CPH 
 deparureDate: 2026-02-02 
2026/01/02 10:01:57 rapid_google_flights.go:59: API KEY FROM ENV 43c2679814msha96e71ffb56e9b3p1ba9dejsn7728b23ceeab
2026/01/02 10:02:01 rapid_google_flights.go:75: SearchFlights Responses: {
  "status": true,
  "message": "Success",
  "timestamp": 1767344521600,
  "data": {
    "itineraries": {
      "topFlights": [
        {
          "departure_time": "02-02-2026 10:45 PM",
          "arrival_time": "03-02-2026 05:35 PM",
          "duration": {
            "raw": 770,
            "text": "12 hr 50 min"
          },
          "flights": [
            {
              "departure_airport": {
                "airport_name": "Toronto Pearson International Airport",
                "airport_code": "YYZ",
                "time": "2026-2-2 22:45"
              },
              "arrival_airport": {
                "airport_name": "Humberto Delgado Airport",
                "airport_code": "LIS",
                "time": "2026-2-3 10:55"
              },
              "duration_label": "",
              "duration": 0,
              "airline": "Tap Air Portugal",
              "airline_logo": "https://www.gstatic.com/flights/airline_logos/70px/TP.png",
              "flight_number": "TP 262",
              "aircraft": "Airbus A321neo",
              "seat": "Average legroom",
              "legroom": "31 in",
              "extensions": [
                "Average legroom (31 in)",
                "In-seat power \u0026 USB outlets",
                "On-demand video",
                "Free Wi-Fi",
                "Wi-Fi for a fee",
                "Emissions estimate: 453 kg CO2e"
              ]
            },
            {
              "departure_airport": {
                "airport_name": "Humberto Delgado Airport",
                "airport_code": "LIS",
                "time": "2026-2-3 12:50"
              },
              "arrival_airport": {
                "airport_name": "Copenhagen Airport",
                "airport_code": "CPH",
                "time": "2026-2-3 17:35"
              },
              "duration_label": "",
              "duration": 0,
              "airline": "Tap Air Portugal",
              "airline_logo": "https://www.gstatic.com/flights/airline_logos/70px/TP.png",
              "flight_number": "TP 754",
              "aircraft": "Airbus A320neo",
              "seat": "Below average legroom",
              "legroom": "28 in",
              "extensions": [
                "Below average legroom (28 in)",
                "Emissions estimate: 177 kg CO2e"
              ]
            }
          ],
          "layovers": [
            {
              "airport_code": "LIS",
              "airport_name": "Humberto Delgado Airport",
              "duration_label": "1 hr 55 min",
              "duration": 115,
              "city": "Lisbon"
            }
          ],
          "bags": {
            "carry_on": 1,
            "checked": null
          },
          "carbon_emissions": {
            "difference_percent": 32,
            "CO2e": 630000,
            "typical_for_this_route": 477000,
            "higher": 153000
          },
          "price": 507,
          "stops": 0,
          "airline_logo": "https://www.gstatic.com/flights/airline_logos/70px/TP.png",
          "next_token": ""
        },
        {
          "departure_time": "02-02-2026 07:40 PM",
          "arrival_time": "03-02-2026 11:45 AM",
          "duration": {
            "raw": 605,
            "text": "10 hr 5 min"
          },
          "flights": [
            {
              "departure_airport": {
                "airport_name": "Toronto Pearson International Airport",
                "airport_code": "YYZ",
                "time": "2026-2-2 19:40"
              },
              "arrival_airport": {
                "airport_name": "Keflavík International Airport",
                "airport_code": "KEF",
                "time": "2026-2-3 06:25"
              },
              "duration_label": "",
              "duration": 0,
              "airline": "Icelandair",
              "airline_logo": "https://www.gstatic.com/flights/airline_logos/70px/FI.png",
              "flight_number": "FI 602",
              "aircraft": "Boeing 737MAX 8 Passenger",
              "seat": "Average legroom",
              "legroom": "31 in",
              "extensions": [
                "Average legroom (31 in)",
                "In-seat USB outlets",
                "On-demand video",
                "Free Wi-Fi",
                "Wi-Fi for a fee",
                "Emissions estimate: 322 kg CO2e"
              ]
            },
            {
              "departure_airport": {
                "airport_name": "Keflavík International Airport",
                "airport_code": "KEF",
                "time": "2026-2-3 07:35"
              },
              "arrival_airport": {
                "airport_name": "Copenhagen Airport",
                "airport_code": "CPH",
                "time": "2026-2-3 11:45"
              },
              "duration_label": "",
              "duration": 0,
              "airline": "Icelandair",
              "airline_logo": "https://www.gstatic.com/flights/airline_logos/70px/FI.png",
              "flight_number": "FI 204",
              "aircraft": "Airbus A321neo",
              "seat": "Average legroom",
              "legroom": "31 in",
              "extensions": [
                "Average legroom (31 in)",
                "In-seat USB outlets",
                "On-demand video",
                "Free Wi-Fi",
                "Wi-Fi for a fee",
                "Emissions estimate: 177 kg CO2e"
              ]
            }
          ],
          "layovers": [
            {
              "airport_code": "KEF",
              "airport_name": "Keflavík International Airport",
              "duration_label": "1 hr 10 min",
              "duration": 70,
              "city": "Reykjavík"
            }
          ],
          "bags": {
            "carry_on": 1,
            "checked": null
          },
          "carbon_emissions": {
            "difference_percent": 4,
            "CO2e": 498000,
            "typical_for_this_route": 477000,
            "higher": 21000
          },
          "price": 527,
          "stops": 0,
          "airline_logo": "https://www.gstatic.com/flights/airline_logos/70px/FI.png",
          "next_token": ""
        }
      ],
      "otherFlights": [
        {
          "departure_time": "02-02-2026 10:45 PM",
          "arrival_time": "04-02-2026 11:50 AM",
          "duration": {
            "raw": 1865,
            "text": "31 hr 5 min"
          },
          "flights": [
            {
              "departure_airport": {
                "airport_name": "Toronto Pearson International Airport",
                "airport_code": "YYZ",
                "time": "2026-2-2 22:45"
              },
              "arrival_airport": {
                "airport_name": "Humberto Delgado Airport",
                "airport_code": "LIS",
                "time": "2026-2-3 10:55"
              },
              "duration_label": "",
              "duration": 0,
              "airline": "Tap Air Portugal",
              "airline_logo": "https://www.gstatic.com/flights/airline_logos/70px/TP.png",
              "flight_number": "TP 262",
              "aircraft": "Airbus A321neo",
              "seat": "Average legroom",
              "legroom": "31 in",
              "extensions": [
                "Average legroom (31 in)",
                "In-seat power \u0026 USB outlets",
                "On-demand video",
                "Free Wi-Fi",
                "Wi-Fi for a fee",
                "Emissions estimate: 453 kg CO2e"
              ]
            },
            {
              "departure_airport": {
                "airport_name": "Humberto Delgado Airport",
                "airport_code": "LIS",
                "time": "2026-2-4 07:05"
              },
              "arrival_airport": {
                "airport_name": "Copenhagen Airport",
                "airport_code": "CPH",
                "time": "2026-2-4 11:50"
              },
              "duration_label": "",
              "duration": 0,
              "airline": "Tap Air Portugal",
              "airline_logo": "https://www.gstatic.com/flights/airline_logos/70px/TP.png",
              "flight_number": "TP 752",
              "aircraft": "Airbus A321neo",
              "seat": "Below average legroom",
              "legroom": "28 in",
              "extensions": [
                "Below average legroom (28 in)",
                "Emissions estimate: 170 kg CO2e"
              ]
            }
          ],
          "layovers": [
            {
              "airport_code": "LIS",
              "airport_name": "Humberto Delgado Airport",
              "duration_label": "20 hr 10 min",
              "duration": 1210,
              "city": "Lisbon"
            }
          ],
          "bags": {
            "carry_on": 1,
            "checked": null
          },
          "carbon_emissions": {
            "difference_percent": 30,
            "CO2e": 622000,
            "typical_for_this_route": 477000,
            "higher": 145000
          },
          "price": 465,
          "stops": 0,
          "airline_logo": "https://www.gstatic.com/flights/airline_logos/70px/TP.png",
          "next_token": ""
        },
        {
          "departure_time": "02-02-2026 07:40 PM",
          "arrival_time": "04-02-2026 05:20 AM",
          "duration": {
            "raw": 1660,
            "text": "27 hr 40 min"
          },
          "flights": [
            {
              "departure_airport": {
                "airport_name": "Toronto Pearson International Airport",
                "airport_code": "YYZ",
                "time": "2026-2-2 19:40"
              },
              "arrival_airport": {
                "airport_name": "Keflavík International Airport",
                "airport_code": "KEF",
                "time": "2026-2-3 06:25"
              },
              "duration_label": "",
              "duration": 0,
              "airline": "Icelandair",
              "airline_logo": "https://www.gstatic.com/flights/airline_logos/70px/FI.png",
              "flight_number": "FI 602",
              "aircraft": "Boeing 737MAX 8 Passenger",
              "seat": "Average legroom",
              "legroom": "31 in",
              "extensions": [
                "Average legroom (31 in)",
                "In-seat USB outlets",
                "On-demand video",
                "Free Wi-Fi",
                "Wi-Fi for a fee",
                "Emissions estimate: 322 kg CO2e"
              ]
            },
            {
              "departure_airport": {
                "airport_name": "Keflavík International Airport",
                "airport_code": "KEF",
                "time": "2026-2-4 01:10"
              },
              "arrival_airport": {
                "airport_name": "Copenhagen Airport",
                "airport_code": "CPH",
                "time": "2026-2-4 05:20"
              },
              "duration_label": "",
              "duration": 0,
              "airline": "Icelandair",
              "airline_logo": "https://www.gstatic.com/flights/airline_logos/70px/FI.png",
              "flight_number": "FI 202",
              "aircraft": "Boeing 737MAX 8 Passenger",
              "seat": "Average legroom",
              "legroom": "31 in",
              "extensions": [
                "Average legroom (31 in)",
                "In-seat USB outlets",
                "On-demand video",
                "Free Wi-Fi",
                "Wi-Fi for a fee",
                "Emissions estimate: 179 kg CO2e"
              ]
            }
          ],
          "layovers": [
            {
              "airport_code": "KEF",
              "airport_name": "Keflavík International Airport",
              "duration_label": "18 hr 45 min",
              "duration": 1125,
              "city": "Reykjavík"
            }
          ],
          "bags": {
            "carry_on": 1,
            "checked": null
          },
          "carbon_emissions": {
            "difference_percent": 5,
            "CO2e": 501000,
            "typical_for_this_route": 477000,
            "higher": 24000
          },
          "price": 509,
          "stops": 0,
          "airline_logo": "https://www.gstatic.com/flights/airline_logos/70px/FI.png",
          "next_token": ""
        },
        {
          "departure_time": "02-02-2026 07:40 PM",
          "arrival_time": "04-02-2026 08:20 PM",
          "duration": {
            "raw": 2560,
            "text": "42 hr 40 min"
          },
          "flights": [
            {
              "departure_airport": {
                "airport_name": "Toronto Pearson International Airport",
                "airport_code": "YYZ",
                "time": "2026-2-2 19:40"
              },
              "arrival_airport": {
                "airport_name": "Keflavík International Airport",
                "airport_code": "KEF",
                "time": "2026-2-3 06:25"
              },
              "duration_label": "",
              "duration": 0,
              "airline": "Icelandair",
              "airline_logo": "https://www.gstatic.com/flights/airline_logos/70px/FI.png",
              "flight_number": "FI 602",
              "aircraft": "Boeing 737MAX 8 Passenger",
              "seat": "Average legroom",
              "legroom": "31 in",
              "extensions": [
                "Average legroom (31 in)",
                "In-seat USB outlets",
                "On-demand video",
                "Free Wi-Fi",
                "Wi-Fi for a fee",
                "Emissions estimate: 322 kg CO2e"
              ]
            },
            {
              "departure_airport": {
                "airport_name": "Keflavík International Airport",
                "airport_code": "KEF",
                "time": "2026-2-4 16:15"
              },
              "arrival_airport": {
                "airport_name": "Copenhagen Airport",
                "airport_code": "CPH",
                "time": "2026-2-4 20:20"
              },
              "duration_label": "",
              "duration": 0,
              "airline": "Icelandair",
              "airline_logo": "https://www.gstatic.com/flights/airline_logos/70px/FI.png",
              "flight_number": "FI 216",
              "aircraft": "Airbus A321neo",
              "seat": "Average legroom",
              "legroom": "31 in",
              "extensions": [
                "Average legroom (31 in)",
                "In-seat USB outlets",
                "On-demand video",
                "Free Wi-Fi",
                "Wi-Fi for a fee",
                "Emissions estimate: 177 kg CO2e"
              ]
            }
          ],
          "layovers": [
            {
              "airport_code": "KEF",
              "airport_name": "Keflavík International Airport",
              "duration_label": "33 hr 50 min",
              "duration": 2030,
              "city": "Reykjavík"
            }
          ],
          "bags": {
            "carry_on": 1,
            "checked": null
          },
          "carbon_emissions": {
            "difference_percent": 4,
            "CO2e": 498000,
            "typical_for_this_route": 477000,
            "higher": 21000
          },
          "price": 532,
          "stops": 0,
          "airline_logo": "https://www.gstatic.com/flights/airline_logos/70px/FI.png",
          "next_token": ""
        },
        {
          "departure_time": "02-02-2026 10:45 PM",
          "arrival_time": "03-02-2026 10:35 PM",
          "duration": {
            "raw": 1070,
            "text": "17 hr 50 min"
          },
          "flights": [
            {
              "departure_airport": {
                "airport_name": "Toronto Pearson International Airport",
                "airport_code": "YYZ",
                "time": "2026-2-2 22:45"
              },
              "arrival_airport": {
                "airport_name": "Humberto Delgado Airport",
                "airport_code": "LIS",
                "time": "2026-2-3 10:55"
              },
              "duration_label": "",
              "duration": 0,
              "airline": "Tap Air Portugal",
              "airline_logo": "https://www.gstatic.com/flights/airline_logos/70px/TP.png",
              "flight_number": "TP 262",
              "aircraft": "Airbus A321neo",
              "seat": "Average legroom",
              "legroom": "31 in",
              "extensions": [
                "Average legroom (31 in)",
                "In-seat power \u0026 USB outlets",
                "On-demand video",
                "Free Wi-Fi",
                "Wi-Fi for a fee",
                "Emissions estimate: 453 kg CO2e"
              ]
            },
            {
              "departure_airport": {
                "airport_name": "Humberto Delgado Airport",
                "airport_code": "LIS",
                "time": "2026-2-3 13:40"
              },
              "arrival_airport": {
                "airport_name": "Brussels Airport",
                "airport_code": "BRU",
                "time": "2026-2-3 17:30"
              },
              "duration_label": "",
              "duration": 0,
              "airline": "Brussels Airlines",
              "airline_logo": "https://www.gstatic.com/flights/airline_logos/70px/SN.png",
              "flight_number": "SN 3816",
              "aircraft": "Airbus A319",
              "seat": "Average legroom",
              "legroom": "30 in",
              "extensions": [
                "Average legroom (30 in)",
                "Emissions estimate: 188 kg CO2e"
              ]
            },
            {
              "departure_airport": {
                "airport_name": "Brussels Airport",
                "airport_code": "BRU",
                "time": "2026-2-3 21:05"
              },
              "arrival_airport": {
                "airport_name": "Copenhagen Airport",
                "airport_code": "CPH",
                "time": "2026-2-3 22:35"
              },
              "duration_label": "",
              "duration": 0,
              "airline": "Brussels Airlines",
              "airline_logo": "https://www.gstatic.com/flights/airline_logos/70px/SN.png",
              "flight_number": "SN 2265",
              "aircraft": "Airbus A320neo",
              "seat": "Below average legroom",
              "legroom": "29 in",
              "extensions": [
                "Below average legroom (29 in)",
                "Emissions estimate: 78 kg CO2e"
              ]
            }
          ],
          "layovers": [
            {
              "airport_code": "LIS",
              "airport_name": "Humberto Delgado Airport",
              "duration_label": "2 hr 45 min",
              "duration": 165,
              "city": "Lisbon"
            },
            {
              "airport_code": "BRU",
              "airport_name": "Brussels Airport",
              "duration_label": "3 hr 35 min",
              "duration": 215,
              "city": "Brussels"
            }
          ],
          "bags": {
            "carry_on": 1,
            "checked": null
          },
          "carbon_emissions": {
            "difference_percent": 51,
            "CO2e": 719000,
            "typical_for_this_route": 477000,
            "higher": 242000
          },
          "price": 759,
          "stops": 0,
          "airline_logo": "https://www.gstatic.com/flights/airline_logos/70px/multi.png",
          "next_token": ""
        },
        {
          "departure_time": "02-02-2026 10:45 PM",
          "arrival_time": "03-02-2026 10:35 PM",
          "duration": {
            "raw": 1070,
            "text": "17 hr 50 min"
          },
          "flights": [
            {
              "departure_airport": {
                "airport_name": "Toronto Pearson International Airport",
                "airport_code": "YYZ",
                "time": "2026-2-2 22:45"
              },
              "arrival_airport": {
                "airport_name": "Humberto Delgado Airport",
                "airport_code": "LIS",
                "time": "2026-2-3 10:55"
              },
              "duration_label": "",
              "duration": 0,
              "airline": "Tap Air Portugal",
              "airline_logo": "https://www.gstatic.com/flights/airline_logos/70px/TP.png",
              "flight_number": "TP 262",
              "aircraft": "Airbus A321neo",
              "seat": "Average legroom",
              "legroom": "31 in",
              "extensions": [
                "Average legroom (31 in)",
                "In-seat power \u0026 USB outlets",
                "On-demand video",
                "Free Wi-Fi",
                "Wi-Fi for a fee",
                "Emissions estimate: 453 kg CO2e"
              ]
            },
            {
              "departure_airport": {
                "airport_name": "Humberto Delgado Airport",
                "airport_code": "LIS",
                "time": "2026-2-3 13:15"
              },
              "arrival_airport": {
                "airport_name": "Brussels Airport",
                "airport_code": "BRU",
                "time": "2026-2-3 17:05"
              },
              "duration_label": "",
              "duration": 0,
              "airline": "Tap Air Portugal",
              "airline_logo": "https://www.gstatic.com/flights/airline_logos/70px/TP.png",
              "flight_number": "TP 644",
              "aircraft": "Airbus A320neo",
              "seat": "Below average legroom",
              "legroom": "28 in",
              "extensions": [
                "Below average legroom (28 in)",
                "Emissions estimate: 133 kg CO2e"
              ]
            },
            {
              "departure_airport": {
                "airport_name": "Brussels Airport",
                "airport_code": "BRU",
                "time": "2026-2-3 21:05"
              },
              "arrival_airport": {
                "airport_name": "Copenhagen Airport",
                "airport_code": "CPH",
                "time": "2026-2-3 22:35"
              },
              "duration_label": "",
              "duration": 0,
              "airline": "Brussels Airlines",
              "airline_logo": "https://www.gstatic.com/flights/airline_logos/70px/SN.png",
              "flight_number": "SN 2265",
              "aircraft": "Airbus A320neo",
              "seat": "Below average legroom",
              "legroom": "29 in",
              "extensions": [
                "Below average legroom (29 in)",
                "Emissions estimate: 78 kg CO2e"
              ]
            }
          ],
          "layovers": [
            {
              "airport_code": "LIS",
              "airport_name": "Humberto Delgado Airport",
              "duration_label": "2 hr 20 min",
              "duration": 140,
              "city": "Lisbon"
            },
            {
              "airport_code": "BRU",
              "airport_name": "Brussels Airport",
              "duration_label": "4 hr 0 min",
              "duration": 240,
              "city": "Brussels"
            }
          ],
          "bags": {
            "carry_on": 1,
            "checked": null
          },
          "carbon_emissions": {
            "difference_percent": 39,
            "CO2e": 664000,
            "typical_for_this_route": 477000,
            "higher": 187000
          },
          "price": 761,
          "stops": 0,
          "airline_logo": "https://www.gstatic.com/flights/airline_logos/70px/multi.png",
          "next_token": ""
        },
        {
          "departure_time": "02-02-2026 07:40 PM",
          "arrival_time": "04-02-2026 11:45 AM",
          "duration": {
            "raw": 2045,
            "text": "34 hr 5 min"
          },
          "flights": [
            {
              "departure_airport": {
                "airport_name": "Toronto Pearson International Airport",
                "airport_code": "YYZ",
                "time": "2026-2-2 19:40"
              },
              "arrival_airport": {
                "airport_name": "Keflavík International Airport",
                "airport_code": "KEF",
                "time": "2026-2-3 06:25"
              },
              "duration_label": "",
              "duration": 0,
              "airline": "Icelandair",
              "airline_logo": "https://www.gstatic.com/flights/airline_logos/70px/FI.png",
              "flight_number": "FI 602",
              "aircraft": "Boeing 737MAX 8 Passenger",
              "seat": "Average legroom",
              "legroom": "31 in",
              "extensions": [
                "Average legroom (31 in)",
                "In-seat USB outlets",
                "On-demand video",
                "Free Wi-Fi",
                "Wi-Fi for a fee",
                "Emissions estimate: 322 kg CO2e"
              ]
            },
            {
              "departure_airport": {
                "airport_name": "Keflavík International Airport",
                "airport_code": "KEF",
                "time": "2026-2-4 07:35"
              },
              "arrival_airport": {
                "airport_name": "Copenhagen Airport",
                "airport_code": "CPH",
                "time": "2026-2-4 11:45"
              },
              "duration_label": "",
              "duration": 0,
              "airline": "Icelandair",
              "airline_logo": "https://www.gstatic.com/flights/airline_logos/70px/FI.png",
              "flight_number": "FI 204",
              "aircraft": "Airbus A321neo",
              "seat": "Average legroom",
              "legroom": "31 in",
              "extensions": [
                "Average legroom (31 in)",
                "In-seat USB outlets",
                "On-demand video",
                "Free Wi-Fi",
                "Wi-Fi for a fee",
                "Emissions estimate: 177 kg CO2e"
              ]
            }
          ],
          "layovers": [
            {
              "airport_code": "KEF",
              "airport_name": "Keflavík International Airport",
              "duration_label": "25 hr 10 min",
              "duration": 1510,
              "city": "Reykjavík"
            }
          ],
          "bags": {
            "carry_on": 1,
            "checked": null
          },
          "carbon_emissions": {
            "difference_percent": 4,
            "CO2e": 498000,
            "typical_for_this_route": 477000,
            "higher": 21000
          },
          "price": 802,
          "stops": 0,
          "airline_logo": "https://www.gstatic.com/flights/airline_logos/70px/FI.png",
          "next_token": ""
        },
        {
          "departure_time": "02-02-2026 08:25 PM",
          "arrival_time": "03-02-2026 02:00 PM",
          "duration": {
            "raw": 695,
            "text": "11 hr 35 min"
          },
          "flights": [
            {
              "departure_airport": {
                "airport_name": "Toronto Pearson International Airport",
                "airport_code": "YYZ",
                "time": "2026-2-2 20:25"
              },
              "arrival_airport": {
                "airport_name": "Zurich Airport",
                "airport_code": "ZRH",
                "time": "2026-2-3 10:25"
              },
              "duration_label": "",
              "duration": 0,
              "airline": "Air Canada",
              "airline_logo": "https://www.gstatic.com/flights/airline_logos/70px/AC.png",
              "flight_number": "AC 880",
              "aircraft": "Boeing 777",
              "seat": "Average legroom",
              "legroom": "31 in",
              "extensions": [
                "Average legroom (31 in)",
                "In-seat power \u0026 USB outlets",
                "On-demand video",
                "Free Wi-Fi",
                "Wi-Fi for a fee",
                "Emissions estimate: 396 kg CO2e"
              ]
            },
            {
              "departure_airport": {
                "airport_name": "Zurich Airport",
                "airport_code": "ZRH",
                "time": "2026-2-3 12:10"
              },
              "arrival_airport": {
                "airport_name": "Copenhagen Airport",
                "airport_code": "CPH",
                "time": "2026-2-3 14:00"
              },
              "duration_label": "",
              "duration": 0,
              "airline": "SWISS",
              "airline_logo": "https://www.gstatic.com/flights/airline_logos/70px/LX.png",
              "flight_number": "LX 1270",
              "aircraft": "Airbus A220-300 Passenger",
              "seat": "Below average legroom",
              "legroom": "29 in",
              "extensions": [
                "Below average legroom (29 in)",
                "Emissions estimate: 112 kg CO2e"
              ]
            }
          ],
          "layovers": [
            {
              "airport_code": "ZRH",
              "airport_name": "Zurich Airport",
              "duration_label": "1 hr 45 min",
              "duration": 105,
              "city": "Zürich"
            }
          ],
          "bags": {
            "carry_on": 1,
            "checked": null
          },
          "carbon_emissions": {
            "difference_percent": 6,
            "CO2e": 508000,
            "typical_for_this_route": 477000,
            "higher": 31000
          },
          "price": 1103,
          "stops": 0,
          "airline_logo": "https://www.gstatic.com/flights/airline_logos/70px/multi.png",
          "next_token": ""
        },
        {
          "departure_time": "02-02-2026 06:30 PM",
          "arrival_time": "03-02-2026 12:00 PM",
          "duration": {
            "raw": 690,
            "text": "11 hr 30 min"
          },
          "flights": [
            {
              "departure_airport": {
                "airport_name": "Toronto Pearson International Airport",
                "airport_code": "YYZ",
                "time": "2026-2-2 18:30"
              },
              "arrival_airport": {
                "airport_name": "Vienna International Airport",
                "airport_code": "VIE",
                "time": "2026-2-3 08:45"
              },
              "duration_label": "",
              "duration": 0,
              "airline": "Air Canada",
              "airline_logo": "https://www.gstatic.com/flights/airline_logos/70px/AC.png",
              "flight_number": "AC 886",
              "aircraft": "Boeing 787",
              "seat": "Average legroom",
              "legroom": "31 in",
              "extensions": [
                "Average legroom (31 in)",
                "In-seat power \u0026 USB outlets",
                "On-demand video",
                "Free Wi-Fi",
                "Wi-Fi for a fee",
                "Emissions estimate: 370 kg CO2e"
              ]
            },
            {
              "departure_airport": {
                "airport_name": "Vienna International Airport",
                "airport_code": "VIE",
                "time": "2026-2-3 10:15"
              },
              "arrival_airport": {
                "airport_name": "Copenhagen Airport",
                "airport_code": "CPH",
                "time": "2026-2-3 12:00"
              },
              "duration_label": "",
              "duration": 0,
              "airline": "Scandinavian Airlines",
              "airline_logo": "https://www.gstatic.com/flights/airline_logos/70px/SK.png",
              "flight_number": "SK 1694",
              "aircraft": "Airbus A320neo",
              "seat": "Below average legroom",
              "legroom": "29 in",
              "extensions": [
                "Below average legroom (29 in)",
                "In-seat USB outlets",
                "Emissions estimate: 91 kg CO2e"
              ]
            }
          ],
          "layovers": [
            {
              "airport_code": "VIE",
              "airport_name": "Vienna International Airport",
              "duration_label": "1 hr 30 min",
              "duration": 90,
              "city": "Vienna"
            }
          ],
          "bags": {
            "carry_on": 1,
            "checked": null
          },
          "carbon_emissions": {
            "difference_percent": -3,
            "CO2e": 461000,
            "typical_for_this_route": 477000,
            "higher": -16000
          },
          "price": 1121,
          "stops": 0,
          "airline_logo": "https://www.gstatic.com/flights/airline_logos/70px/multi.png",
          "next_token": ""
        },
        {
          "departure_time": "02-02-2026 04:50 PM",
          "arrival_time": "03-02-2026 09:20 AM",
          "duration": {
            "raw": 630,
            "text": "10 hr 30 min"
          },
          "flights": [
            {
              "departure_airport": {
                "airport_name": "Toronto Pearson International Airport",
                "airport_code": "YYZ",
                "time": "2026-2-2 16:50"
              },
              "arrival_airport": {
                "airport_name": "Frankfurt Airport",
                "airport_code": "FRA",
                "time": "2026-2-3 06:40"
              },
              "duration_label": "",
              "duration": 0,
              "airline": "Air Canada",
              "airline_logo": "https://www.gstatic.com/flights/airline_logos/70px/AC.png",
              "flight_number": "AC 840",
              "aircraft": "Boeing 787",
              "seat": "Average legroom",
              "legroom": "31 in",
              "extensions": [
                "Average legroom (31 in)",
                "In-seat power \u0026 USB outlets",
                "On-demand video",
                "Free Wi-Fi",
                "Wi-Fi for a fee",
                "Emissions estimate: 336 kg CO2e"
              ]
            },
            {
              "departure_airport": {
                "airport_name": "Frankfurt Airport",
                "airport_code": "FRA",
                "time": "2026-2-3 07:55"
              },
              "arrival_airport": {
                "airport_name": "Copenhagen Airport",
                "airport_code": "CPH",
                "time": "2026-2-3 09:20"
              },
              "duration_label": "",
              "duration": 0,
              "airline": "Lufthansa",
              "airline_logo": "https://www.gstatic.com/flights/airline_logos/70px/LH.png",
              "flight_number": "LH 824",
              "aircraft": "Airbus A321neo",
              "seat": "Below average legroom",
              "legroom": "29 in",
              "extensions": [
                "Below average legroom (29 in)",
                "In-seat USB outlets",
                "Emissions estimate: 70 kg CO2e"
              ]
            }
          ],
          "layovers": [
            {
              "airport_code": "FRA",
              "airport_name": "Frankfurt Airport",
              "duration_label": "1 hr 15 min",
              "duration": 75,
              "city": "Frankfurt am Main"
            }
          ],
          "bags": {
            "carry_on": 1,
            "checked": null
          },
          "carbon_emissions": {
            "difference_percent": -15,
            "CO2e": 406000,
            "typical_for_this_route": 477000,
            "higher": -71000
          },
          "price": 1138,
          "stops": 0,
          "airline_logo": "https://www.gstatic.com/flights/airline_logos/70px/multi.png",
          "next_token": ""
        },
        {
          "departure_time": "02-02-2026 04:50 PM",
          "arrival_time": "03-02-2026 12:00 PM",
          "duration": {
            "raw": 790,
            "text": "13 hr 10 min"
          },
          "flights": [
            {
              "departure_airport": {
                "airport_name": "Toronto Pearson International Airport",
                "airport_code": "YYZ",
                "time": "2026-2-2 16:50"
              },
              "arrival_airport": {
                "airport_name": "Frankfurt Airport",
                "airport_code": "FRA",
                "time": "2026-2-3 06:40"
              },
              "duration_label": "",
              "duration": 0,
              "airline": "Air Canada",
              "airline_logo": "https://www.gstatic.com/flights/airline_logos/70px/AC.png",
              "flight_number": "AC 840",
              "aircraft": "Boeing 787",
              "seat": "Average legroom",
              "legroom": "31 in",
              "extensions": [
                "Average legroom (31 in)",
                "In-seat power \u0026 USB outlets",
                "On-demand video",
                "Free Wi-Fi",
                "Wi-Fi for a fee",
                "Emissions estimate: 336 kg CO2e"
              ]
            },
            {
              "departure_airport": {
                "airport_name": "Frankfurt Airport",
                "airport_code": "FRA",
                "time": "2026-2-3 10:35"
              },
              "arrival_airport": {
                "airport_name": "Copenhagen Airport",
                "airport_code": "CPH",
                "time": "2026-2-3 12:00"
              },
              "duration_label": "",
              "duration": 0,
              "airline": "Lufthansa",
              "airline_logo": "https://www.gstatic.com/flights/airline_logos/70px/LH.png",
              "flight_number": "LH 826",
              "aircraft": "Airbus A320",
              "seat": "Below average legroom",
              "legroom": "29 in",
              "extensions": [
                "Below average legroom (29 in)",
                "In-seat USB outlets",
                "Emissions estimate: 79 kg CO2e"
              ]
            }
          ],
          "layovers": [
            {
              "airport_code": "FRA",
              "airport_name": "Frankfurt Airport",
              "duration_label": "3 hr 55 min",
              "duration": 235,
              "city": "Frankfurt am Main"
            }
          ],
          "bags": {
            "carry_on": 1,
            "checked": null
          },
          "carbon_emissions": {
            "difference_percent": -13,
            "CO2e": 415000,
            "typical_for_this_route": 477000,
            "higher": -62000
          },
          "price": 1138,
          "stops": 0,
          "airline_logo": "https://www.gstatic.com/flights/airline_logos/70px/multi.png",
          "next_token": ""
        },
        {
          "departure_time": "02-02-2026 06:15 PM",
          "arrival_time": "03-02-2026 12:00 PM",
          "duration": {
            "raw": 705,
            "text": "11 hr 45 min"
          },
          "flights": [
            {
              "departure_airport": {
                "airport_name": "Toronto Pearson International Airport",
                "airport_code": "YYZ",
                "time": "2026-2-2 18:15"
              },
              "arrival_airport": {
                "airport_name": "Frankfurt Airport",
                "airport_code": "FRA",
                "time": "2026-2-3 07:55"
              },
              "duration_label": "",
              "duration": 0,
              "airline": "Lufthansa",
              "airline_logo": "https://www.gstatic.com/flights/airline_logos/70px/LH.png",
              "flight_number": "LH 471",
              "aircraft": "Boeing 787",
              "seat": "Average legroom",
              "legroom": "31 in",
              "extensions": [
                "Average legroom (31 in)",
                "In-seat USB outlets",
                "On-demand video",
                "Free Wi-Fi",
                "Wi-Fi for a fee",
                "Emissions estimate: 501 kg CO2e"
              ]
            },
            {
              "departure_airport": {
                "airport_name": "Frankfurt Airport",
                "airport_code": "FRA",
                "time": "2026-2-3 10:35"
              },
              "arrival_airport": {
                "airport_name": "Copenhagen Airport",
                "airport_code": "CPH",
                "time": "2026-2-3 12:00"
              },
              "duration_label": "",
              "duration": 0,
              "airline": "Lufthansa",
              "airline_logo": "https://www.gstatic.com/flights/airline_logos/70px/LH.png",
              "flight_number": "LH 826",
              "aircraft": "Airbus A320",
              "seat": "Below average legroom",
              "legroom": "29 in",
              "extensions": [
                "Below average legroom (29 in)",
                "In-seat USB outlets",
                "Emissions estimate: 79 kg CO2e"
              ]
            }
          ],
          "layovers": [
            {
              "airport_code": "FRA",
              "airport_name": "Frankfurt Airport",
              "duration_label": "2 hr 40 min",
              "duration": 160,
              "city": "Frankfurt am Main"
            }
          ],
          "bags": {
            "carry_on": 1,
            "checked": null
          },
          "carbon_emissions": {
            "difference_percent": 21,
            "CO2e": 579000,
            "typical_for_this_route": 477000,
            "higher": 102000
          },
          "price": 1138,
          "stops": 0,
          "airline_logo": "https://www.gstatic.com/flights/airline_logos/70px/LH.png",
          "next_token": ""
        },
        {
          "departure_time": "02-02-2026 06:15 PM",
          "arrival_time": "03-02-2026 01:35 PM",
          "duration": {
            "raw": 800,
            "text": "13 hr 20 min"
          },
          "flights": [
            {
              "departure_airport": {
                "airport_name": "Toronto Pearson International Airport",
                "airport_code": "YYZ",
                "time": "2026-2-2 18:15"
              },
              "arrival_airport": {
                "airport_name": "Frankfurt Airport",
                "airport_code": "FRA",
                "time": "2026-2-3 07:55"
              },
              "duration_label": "",
              "duration": 0,
              "airline": "Lufthansa",
              "airline_logo": "https://www.gstatic.com/flights/airline_logos/70px/LH.png",
              "flight_number": "LH 471",
              "aircraft": "Boeing 787",
              "seat": "Average legroom",
              "legroom": "31 in",
              "extensions": [
                "Average legroom (31 in)",
                "In-seat USB outlets",
                "On-demand video",
                "Free Wi-Fi",
                "Wi-Fi for a fee",
                "Emissions estimate: 501 kg CO2e"
              ]
            },
            {
              "departure_airport": {
                "airport_name": "Frankfurt Airport",
                "airport_code": "FRA",
                "time": "2026-2-3 12:10"
              },
              "arrival_airport": {
                "airport_name": "Copenhagen Airport",
                "airport_code": "CPH",
                "time": "2026-2-3 13:35"
              },
              "duration_label": "",
              "duration": 0,
              "airline": "Lufthansa",
              "airline_logo": "https://www.gstatic.com/flights/airline_logos/70px/LH.png",
              "flight_number": "LH 828",
              "aircraft": "Airbus A320",
              "seat": "Average legroom",
              "legroom": "30 in",
              "extensions": [
                "Average legroom (30 in)",
                "Emissions estimate: 79 kg CO2e"
              ]
            }
          ],
          "layovers": [
            {
              "airport_code": "FRA",
              "airport_name": "Frankfurt Airport",
              "duration_label": "4 hr 15 min",
              "duration": 255,
              "city": "Frankfurt am Main"
            }
          ],
          "bags": {
            "carry_on": 1,
            "checked": null
          },
          "carbon_emissions": {
            "difference_percent": 21,
            "CO2e": 579000,
            "typical_for_this_route": 477000,
            "higher": 102000
          },
          "price": 1138,
          "stops": 0,
          "airline_logo": "https://www.gstatic.com/flights/airline_logos/70px/LH.png",
          "next_token": ""
        },
        {
          "departure_time": "02-02-2026 09:30 PM",
          "arrival_time": "03-02-2026 01:35 PM",
          "duration": {
            "raw": 605,
            "text": "10 hr 5 min"
          },
          "flights": [
            {
              "departure_airport": {
                "airport_name": "Toronto Pearson International Airport",
                "airport_code": "YYZ",
                "time": "2026-2-2 21:30"
              },
              "arrival_airport": {
                "airport_name": "Frankfurt Airport",
                "airport_code": "FRA",
                "time": "2026-2-3 11:10"
              },
              "duration_label": "",
              "duration": 0,
              "airline": "Air Canada",
              "airline_logo": "https://www.gstatic.com/flights/airline_logos/70px/AC.png",
              "flight_number": "AC 842",
              "aircraft": "Boeing 787",
              "seat": "Average legroom",
              "legroom": "31 in",
              "extensions": [
                "Average legroom (31 in)",
                "In-seat power \u0026 USB outlets",
                "On-demand video",
                "Free Wi-Fi",
                "Wi-Fi for a fee",
                "Emissions estimate: 336 kg CO2e"
              ]
            },
            {
              "departure_airport": {
                "airport_name": "Frankfurt Airport",
                "airport_code": "FRA",
                "time": "2026-2-3 12:10"
              },
              "arrival_airport": {
                "airport_name": "Copenhagen Airport",
                "airport_code": "CPH",
                "time": "2026-2-3 13:35"
              },
              "duration_label": "",
              "duration": 0,
              "airline": "Lufthansa",
              "airline_logo": "https://www.gstatic.com/flights/airline_logos/70px/LH.png",
              "flight_number": "LH 828",
              "aircraft": "Airbus A320",
              "seat": "Average legroom",
              "legroom": "30 in",
              "extensions": [
                "Average legroom (30 in)",
                "Emissions estimate: 79 kg CO2e"
              ]
            }
          ],
          "layovers": [
            {
              "airport_code": "FRA",
              "airport_name": "Frankfurt Airport",
              "duration_label": "1 hr 0 min",
              "duration": 60,
              "city": "Frankfurt am Main"
            }
          ],
          "bags": {
            "carry_on": 1,
            "checked": null
          },
          "carbon_emissions": {
            "difference_percent": -13,
            "CO2e": 415000,
            "typical_for_this_route": 477000,
            "higher": -62000
          },
          "price": 1138,
          "stops": 0,
          "airline_logo": "https://www.gstatic.com/flights/airline_logos/70px/multi.png",
          "next_token": ""
        },
        {
          "departure_time": "02-02-2026 06:15 PM",
          "arrival_time": "03-02-2026 12:00 PM",
          "duration": {
            "raw": 705,
            "text": "11 hr 45 min"
          },
          "flights": [
            {
              "departure_airport": {
                "airport_name": "Toronto Pearson International Airport",
                "airport_code": "YYZ",
                "time": "2026-2-2 18:15"
              },
              "arrival_airport": {
                "airport_name": "Frankfurt Airport",
                "airport_code": "FRA",
                "time": "2026-2-3 07:55"
              },
              "duration_label": "",
              "duration": 0,
              "airline": "Lufthansa",
              "airline_logo": "https://www.gstatic.com/flights/airline_logos/70px/LH.png",
              "flight_number": "LH 471",
              "aircraft": "Boeing 787",
              "seat": "Average legroom",
              "legroom": "31 in",
              "extensions": [
                "Average legroom (31 in)",
                "In-seat USB outlets",
                "On-demand video",
                "Free Wi-Fi",
                "Wi-Fi for a fee",
                "Emissions estimate: 501 kg CO2e"
              ]
            },
            {
              "departure_airport": {
                "airport_name": "Frankfurt Airport",
                "airport_code": "FRA",
                "time": "2026-2-3 10:30"
              },
              "arrival_airport": {
                "airport_name": "Copenhagen Airport",
                "airport_code": "CPH",
                "time": "2026-2-3 12:00"
              },
              "duration_label": "",
              "duration": 0,
              "airline": "Scandinavian Airlines",
              "airline_logo": "https://www.gstatic.com/flights/airline_logos/70px/SK.png",
              "flight_number": "SK 640",
              "aircraft": "Embraer 195",
              "seat": "Average legroom",
              "legroom": "30 in",
              "extensions": [
                "Average legroom (30 in)",
                "In-seat USB outlets",
                "Emissions estimate: 110 kg CO2e"
              ]
            }
          ],
          "layovers": [
            {
              "airport_code": "FRA",
              "airport_name": "Frankfurt Airport",
              "duration_label": "2 hr 35 min",
              "duration": 155,
              "city": "Frankfurt am Main"
            }
          ],
          "bags": {
            "carry_on": 1,
            "checked": null
          },
          "carbon_emissions": {
            "difference_percent": 28,
            "CO2e": 611000,
            "typical_for_this_route": 477000,
            "higher": 134000
          },
          "price": 1146,
          "stops": 0,
          "airline_logo": "https://www.gstatic.com/flights/airline_logos/70px/multi.png",
          "next_token": ""
        },
        {
          "departure_time": "02-02-2026 10:05 PM",
          "arrival_time": "03-02-2026 02:50 PM",
          "duration": {
            "raw": 645,
            "text": "10 hr 45 min"
          },
          "flights": [
            {
              "departure_airport": {
                "airport_name": "Toronto Pearson International Airport",
                "airport_code": "YYZ",
                "time": "2026-2-2 22:05"
              },
              "arrival_airport": {
                "airport_name": "Heathrow Airport",
                "airport_code": "LHR",
                "time": "2026-2-3 10:10"
              },
              "duration_label": "",
              "duration": 0,
              "airline": "British Airways",
              "airline_logo": "https://www.gstatic.com/flights/airline_logos/70px/BA.png",
              "flight_number": "BA 98",
              "aircraft": "Boeing 787",
              "seat": "Average legroom",
              "legroom": "31 in",
              "extensions": [
                "Average legroom (31 in)",
                "In-seat power \u0026 USB outlets",
                "On-demand video",
                "Emissions estimate: 395 kg CO2e"
              ]
            },
            {
              "departure_airport": {
                "airport_name": "Heathrow Airport",
                "airport_code": "LHR",
                "time": "2026-2-3 11:50"
              },
              "arrival_airport": {
                "airport_name": "Copenhagen Airport",
                "airport_code": "CPH",
                "time": "2026-2-3 14:50"
              },
              "duration_label": "",
              "duration": 0,
              "airline": "British Airways",
              "airline_logo": "https://www.gstatic.com/flights/airline_logos/70px/BA.png",
              "flight_number": "BA 812",
              "aircraft": "Airbus A319",
              "seat": "Below average legroom",
              "legroom": "29 in",
              "extensions": [
                "Below average legroom (29 in)",
                "In-seat USB outlets",
                "Emissions estimate: 116 kg CO2e"
              ]
            }
          ],
          "layovers": [
            {
              "airport_code": "LHR",
              "airport_name": "Heathrow Airport",
              "duration_label": "1 hr 40 min",
              "duration": 100,
              "city": "London"
            }
          ],
          "bags": {
            "carry_on": 1,
            "checked": null
          },
          "carbon_emissions": {
            "difference_percent": 7,
            "CO2e": 511000,
            "typical_for_this_route": 477000,
            "higher": 34000
          },
          "price": 1217,
          "stops": 0,
          "airline_logo": "https://www.gstatic.com/flights/airline_logos/70px/BA.png",
          "next_token": ""
        },
        {
          "departure_time": "02-02-2026 10:05 PM",
          "arrival_time": "03-02-2026 04:10 PM",
          "duration": {
            "raw": 725,
            "text": "12 hr 5 min"
          },
          "flights": [
            {
              "departure_airport": {
                "airport_name": "Toronto Pearson International Airport",
                "airport_code": "YYZ",
                "time": "2026-2-2 22:05"
              },
              "arrival_airport": {
                "airport_name": "Heathrow Airport",
                "airport_code": "LHR",
                "time": "2026-2-3 10:10"
              },
              "duration_label": "",
              "duration": 0,
              "airline": "British Airways",
              "airline_logo": "https://www.gstatic.com/flights/airline_logos/70px/BA.png",
              "flight_number": "BA 98",
              "aircraft": "Boeing 787",
              "seat": "Average legroom",
              "legroom": "31 in",
              "extensions": [
                "Average legroom (31 in)",
                "In-seat power \u0026 USB outlets",
                "On-demand video",
                "Emissions estimate: 395 kg CO2e"
              ]
            },
            {
              "departure_airport": {
                "airport_name": "Heathrow Airport",
                "airport_code": "LHR",
                "time": "2026-2-3 13:10"
              },
              "arrival_airport": {
                "airport_name": "Copenhagen Airport",
                "airport_code": "CPH",
                "time": "2026-2-3 16:10"
              },
              "duration_label": "",
              "duration": 0,
              "airline": "British Airways",
              "airline_logo": "https://www.gstatic.com/flights/airline_logos/70px/BA.png",
              "flight_number": "BA 810",
              "aircraft": "Airbus A320",
              "seat": "Below average legroom",
              "legroom": "29 in",
              "extensions": [
                "Below average legroom (29 in)",
                "In-seat USB outlets",
                "Free Wi-Fi",
                "Wi-Fi for a fee",
                "Emissions estimate: 98 kg CO2e"
              ]
            }
          ],
          "layovers": [
            {
              "airport_code": "LHR",
              "airport_name": "Heathrow Airport",
              "duration_label": "3 hr 0 min",
              "duration": 180,
              "city": "London"
            }
          ],
          "bags": {
            "carry_on": 1,
            "checked": null
          },
          "carbon_emissions": {
            "difference_percent": 4,
            "CO2e": 494000,
            "typical_for_this_route": 477000,
            "higher": 17000
          },
          "price": 1217,
          "stops": 0,
          "airline_logo": "https://www.gstatic.com/flights/airline_logos/70px/BA.png",
          "next_token": ""
        }
      ]
    }
  }
} 
